focal_from_exif: 1.62852692604
detect_features: 29.204458952
match_features: 88.3116798401
reconstruct: 99.8296990395
mesh: 8.90000915527
focal_from_exif: 0.140100955963
detect_features: 0.0205340385437
match_features: 2.15466499329
reconstruct: 1.3019349575
mesh: 0.255542039871
focal_from_exif: 0.0209219455719
detect_features: 0.00731992721558
match_features: 2.13455200195
reconstruct: 0.653724908829
mesh: 0.258980989456
focal_from_exif: 0.066428899765
match_features: 2.37104415894
reconstruct: 1.38901305199
focal_from_exif: 0.0187408924103
reconstruct: 3501.78902507
focal_from_exif: 0.15654706955
detect_features: 0.020406961441
match_features: 2.18221402168
reconstruct: 0.653973817825
mesh: 0.23224902153
focal_from_exif: 0.163249969482
detect_features: 0.0875120162964
match_features: 2.24199295044
reconstruct: 0.643567800522
mesh: 0.235662937164
focal_from_exif: 0.196882963181
match_features: 34.4967811108
match_features: 116.08136797
reconstruct: 36730.9581101
focal_from_exif:0.0198421478271focal_from_exif:0.0214760303497